<?xml version="1.0" encoding="UTF-8"?>
<testExecutions version="1">
  <file path="/home/pvina/repos/AFT-back/test/unit/models/Book.test.js">
    <testCase name="Book model should be a valid Book" duration="79"/>
    <testCase name="Book model should fail if no name is provided" duration="5"/>
    <testCase name="Book model should fail if no author is provided" duration="2"/>
    <testCase name="Book model should fail if no description is provided" duration="2"/>
  </file>
  <file path="/home/pvina/repos/AFT-back/test/unit/models/Character.test.js">
    <testCase name="Character model should be a valid Book" duration="12"/>
    <testCase name="Character model should fail if no name is provided" duration="6"/>
    <testCase name="Character model should fail if no book is provided" duration="2"/>
    <testCase name="Character model should fail if center is not valid" duration="2"/>
    <testCase name="Character model should fail if center is not provided" duration="2"/>
  </file>
  <file path="/home/pvina/repos/AFT-back/test/unit/models/Scene.test.js">
    <testCase name="Scene model should be a valid scene" duration="15"/>
    <testCase name="Scene model should throw validation error cast character to object id" duration="13"/>
    <testCase name="Scene model should throw validation error because scene has no name" duration="3"/>
  </file>
  <file path="/home/pvina/repos/AFT-back/test/unit/models/Work.test.js">
    <testCase name="Work model should be a valid Work" duration="22"/>
    <testCase name="Work model should fails because scene is not an object id" duration="21"/>
    <testCase name="Work model should fail because character is not an object id" duration="23"/>
  </file>
  <file path="/home/pvina/repos/AFT-back/test/unit/api/book/create.test.js">
    <testCase name="Book module - create swagger example should pass" duration="59"/>
    <testCase name="Book module - create should fail validation cause no author is provided" duration="19"/>
    <testCase name="Book module - create should fail validation cause no name is provided" duration="13"/>
    <testCase name="Book module - create sould fail because no description is provided" duration="7"/>
    <testCase name="Book module - create should fail because aft.user is not a valid role" duration="5"/>
  </file>
  <file path="/home/pvina/repos/AFT-back/test/unit/api/character/create.test.js">
    <testCase name="Character module - create should create a character" duration="67"/>
    <testCase name="Character module - create should fail validation cause no name was provided" duration="12"/>
    <testCase name="Character module - create should fail validation cause center is not valid" duration="9"/>
    <testCase name="Character module - create should fail validation cause book is not an id" duration="15"/>
    <testCase name="Character module - create should fail because aft.user is not valid role" duration="5"/>
  </file>
  <file path="/home/pvina/repos/AFT-back/test/unit/api/scene/create.test.js">
    <testCase name="Scene module - create should create a scene" duration="91"/>
    <testCase name="Scene module - create should fail validation cause no name was provided" duration="29"/>
    <testCase name="Scene module - create should fail validation for characters with invalid object ids" duration="38"/>
    <testCase name="Scene module - create should fails because aft.user is not a valid role" duration="6"/>
  </file>
  <file path="/home/pvina/repos/AFT-back/test/unit/api/work/create.test.js">
    <testCase name="Work module - create should create a work" duration="90"/>
    <testCase name="Work module - create should fail validation cause no scene was provided" duration="23"/>
    <testCase name="Work module - create should fail because scene is and invalid object id" duration="12"/>
    <testCase name="Work module - create should fail because character is an invalid object id" duration="11"/>
    <testCase name="Work module - create should work even if role is aft.user" duration="39"/>
  </file>
  <file path="/home/pvina/repos/AFT-back/test/unit/api/character/update.test.js">
    <testCase name="Character module - update should update a character" duration="66"/>
    <testCase name="Character module - update should fail because aft.user is not valid role" duration="7"/>
  </file>
  <file path="/home/pvina/repos/AFT-back/test/unit/api/work/update.test.js">
    <testCase name="Work module - update should update a valid work" duration="105"/>
    <testCase name="Work module - update should update even if role is aft.user" duration="6"/>
  </file>
  <file path="/home/pvina/repos/AFT-back/test/unit/api/book/update.test.js">
    <testCase name="Book module - update should update a book" duration="48"/>
    <testCase name="Book module - update should fail because aft.user is not valid role" duration="8"/>
  </file>
  <file path="/home/pvina/repos/AFT-back/test/unit/api/scene/update.test.js">
    <testCase name="Scene module - update should update a scene" duration="108"/>
    <testCase name="Scene module - update should fail because aft.user is not a valid role" duration="18"/>
  </file>
  <file path="/home/pvina/repos/AFT-back/test/unit/services/authorization.test.js">
    <testCase name="authorization should create a jwt token" duration="2"/>
    <testCase name="authorization should verify a valid token" duration="1"/>
    <testCase name="authorization should fail with code E4 for invalid role in token" duration="0"/>
    <testCase name="authorization should fail with code E3 for an invalid token" duration="0"/>
    <testCase name="authorization should fail with code E1 for no token" duration="0"/>
    <testCase name="authorization should fail with code E4 for non admin role" duration="1"/>
    <testCase name="authorization should fail with code E4 for non editor role" duration="0"/>
    <testCase name="authorization should fail with code E4 for non allowed role" duration="0"/>
  </file>
  <file path="/home/pvina/repos/AFT-back/test/unit/api/scene/delete.test.js">
    <testCase name="Scene module - delete should delete a scene" duration="56"/>
    <testCase name="Scene module - delete should fail because aft.user is not valid role" duration="19"/>
  </file>
  <file path="/home/pvina/repos/AFT-back/test/unit/models/User.test.js">
    <testCase name="User model should be a valid User" duration="3"/>
    <testCase name="User model should reject an invalid User role" duration="2"/>
  </file>
  <file path="/home/pvina/repos/AFT-back/test/unit/api/common/getOptions.test.js">
    <testCase name="getOptions should match the given options" duration="1"/>
  </file>
  <file path="/home/pvina/repos/AFT-back/test/unit/api/common/createMetadata.test.js">
    <testCase name="createMetadata should match return for a creation from an user on a date" duration="0"/>
    <testCase name="createMetadata should match return for an updating metadata by the same user" duration="1"/>
    <testCase name="createMetadata should match return for an updating metadata by another user" duration="0"/>
  </file>
  <file path="/home/pvina/repos/AFT-back/test/unit/api/work/delete.test.js">
    <testCase name="Work module - delete should delete a work" duration="14"/>
    <testCase name="Work module - delete should fail if role is not valid" duration="5"/>
  </file>
  <file path="/home/pvina/repos/AFT-back/test/unit/services/throwAftError.test.js">
    <testCase name="throwAftError errorCodes Check that error codes have been created correctly." duration="8"/>
    <testCase name="throwAftError General errors should fail with code E31 and status 404 in case of model not found" duration="1"/>
    <testCase name="throwAftError General errors should fail with code E32 and status 400 in case of invalid request body" duration="0"/>
    <testCase name="throwAftError General errors should fail with code E33 and status 422 in case of invalid data" duration="4"/>
    <testCase name="throwAftError Mongoose Errors should fail with code E201 and status 400 in case of mongo validation error" duration="0"/>
    <testCase name="throwAftError Mongoose Errors should fail with code E202 and status 409 in case of mongo writing error" duration="0"/>
    <testCase name="throwAftError Mongoose Errors should fail with code E203 and status 500 in case of unknown mongo error" duration="1"/>
    <testCase name="throwAftError Mongoose Errors should fail with code E204 and status 401 in case of mongo unauthorized operation" duration="0"/>
  </file>
  <file path="/home/pvina/repos/AFT-back/test/unit/api/character/delete.test.js">
    <testCase name="Character module - delete should delete a character" duration="32"/>
    <testCase name="Character module - delete should fail because aft.user is not valid role" duration="6"/>
  </file>
  <file path="/home/pvina/repos/AFT-back/test/unit/api/book/delete.test.js">
    <testCase name="Book module - delete should delete a book" duration="47"/>
    <testCase name="Book module - delete should fail because aft.user is not valid role" duration="8"/>
  </file>
  <file path="/home/pvina/repos/AFT-back/test/unit/api/authentication/controller.test.js">
    <testCase name="Authorization Controller Generate token should return a token" duration="3"/>
  </file>
  <file path="/home/pvina/repos/AFT-back/test/unit/services/passwordEncryption.test.js">
    <testCase name="passwordEncryption should correctly encrypt a password" duration="609"/>
    <testCase name="passwordEncryption should fail to validate a password" duration="402"/>
  </file>
</testExecutions>